Microsoft (R) Help Compiler
HCRTF 4.01.0951
Copyright (c) Microsoft Corp 1990 - 1995. All rights reserved.
publication.hpj
    HC3037: Warning: C:\Mes Documents\Programmation\Programme Visual C++\Publication\hlp\Publication.hm : 
	The map value for "HID_OPTIONS_BASE" is the same as the map value for "HID_OPTIONS_PROPRIETE_BASE".
    HC3037: Warning: C:\Mes Documents\Programmation\Programme Visual C++\Publication\hlp\Publication.hm : 
	The map value for "HID_STATIC_LOGIN" is the same as the map value for "HID_GROUPBOX_DROIT".
    HC3037: Warning: C:\Mes Documents\Programmation\Programme Visual C++\Publication\hlp\Publication.hm : 
	The map value for "HIDD_OPTION_BASE_GAL" is the same as the map value for "HIDR_MENU_CONTEXT_TREEVW".
    HC1002: Note: 
	Using existing phrase table: Publication.ph.
    HC3025: Warning: topic #1 of C:\Mes Documents\Programmation\Programme Visual C++\Publication\hlp\.\afxcore.rtf : 
	Jump to undefined Topic ID: "menu_record".
    HC3025: Warning: topic #3 of C:\Mes Documents\Programmation\Programme Visual C++\Publication\hlp\.\afxcore.rtf : 
	Jump to undefined Topic ID: "HID_OLE_EDIT_LINKS".
    HC3025: Warning: topic #3 of C:\Mes Documents\Programmation\Programme Visual C++\Publication\hlp\.\afxcore.rtf : 
	Jump to undefined Topic ID: "HID_EDIT_PASTE_LINK".
    HC3025: Warning: topic #3 of C:\Mes Documents\Programmation\Programme Visual C++\Publication\hlp\.\afxcore.rtf : 
	Jump to undefined Topic ID: "HID_OLE_INSERT_NEW".
    HC1010: Note: 
	The following mapped Topic IDs were not used in any topic:
	HIDD_LOGIN
	HIDD_RECHERCHE_AVANCE_DOCUMENT
	HIDD_LISTE_UTILISATEUR
	HID_AUTEUR_AJOUTER
	HID_UTILISATEUR_RECHERCHER
	HIDD_AJOUTER_MOT_CLEF
	AFX_HIDP_GET_NOT_SUPPORTED
	HID_GENRE_AJOUTER
	HIDD_AJOUTER_AUTEUR
	HID_RECORD_FIRST
	HID_EDIT_SELECT_ALL
	HID_SSMENU_SUPPR
	HIDD_AJOUTER_PUBLICATION_1
	HIDD_AJOUTER_PUBLICATION_2
	HIDD_AJOUTER_PUBLICATION_3
	HIDD_AJOUTER_PUBLICATION_4
	HID_FILE_UPDATE
	AFX_HIDW_RESIZE_BAR
	AFX_HIDP_SQL_NO_DATA_FOUND
	HID_OPTIONS_MODIFIER_PROPRIETE
	AFX_HIDP_SQL_EMPTY_COLUMN_LIST
	HID_OPTION_UPDATE_BASE
	AFX_HIDP_SQL_ODBC_LOAD_FAILED
	AFX_HIDP_FAILED_TO_CREATE
	HID_AUTEUR_RECHERCHER
	AFX_HIDD_BUSY
	AFX_HIDP_ARCH_NONE
	HID_RECORD_LAST
	HID_RECORD_NEXT
	HID_RECORD_PREV
	AFX_HIDD_OBJECTPROPERTIES
	HIDD_RECHERCHE_AUTEUR
	HID_PUBLICATION_AJOUTER
	HID_OPTIONS_MODIFIERPROPRITS
	AFX_HIDP_FILE_TOO_MANY_OPEN
	AFX_HIDP_FILE_ACCESS_DENIED
	HID_SUJET_AJOUTER
	HID_FILE_SAVE_COPY_AS
	AFX_HIDD_CONVERT
	AFX_HIDP_ASK_TO_DISCARD
	AFX_HIDP_SQL_FIELD_SCHEMA_MISMATCH
	AFX_HIDP_SQL_LOCK_MODE_NOT_SUPPORTED
	HID_UTILISATEUR_LISTEDESUTILISATEURS
	HID_FORMAT_FONT
	AFX_HIDP_FILE_HARD_IO
	AFX_HIDD_CHANGESOURCE
	HID_TYPE_RECHERCHER
	HIDD_OPTION_BASE
	AFX_HIDP_FILE_NOT_FOUND
	HID_AUTEUR_LISTE_NATION
	AFX_HIDW_DOCKBAR_TOP
	HID_PUBLICATION_PROP
	AFX_HIDP_DAO_DFX_BIND
	AFX_HIDP_SQL_ODBC_V2_REQUIRED
	AFX_HIDP_SQL_NO_ROWS_AFFECTED
	HID_OLE_EDIT_CONVERT
	HID_CATEGORIE_RECHERCHER
	HIDD_RECHERCHE_UTILISATEUR
	HID_PUBLICATION_RECHERCHEAVD
	AFX_HIDP_SQL_SQL_CONFORMANCE
	AFX_HIDD_INSERTOBJECT
	AFX_HIDP_SQL_RECORDSET_READONLY
	AFX_HIDP_PARSE_RADIO_BUTTON
	HID_EDIT_PASTE_SPECIAL
	AFX_HIDP_DAO_ROWTOOSHORT
	AFX_HIDP_SQL_INCORRECT_ODBC
	AFX_HIDP_NO_ERROR_AVAILABLE
	AFX_HIDW_DOCKBAR_BOTTOM
	HID_PUBLICATION_RECHERCHER
	HIDD_SELECTION_DIRECTORY
	AFX_HIDP_FILE_DIR_FULL
	HIDD_RECHERCHE_CATEGORIE
	HID_CATEGORIE_AJOUTER
	HIDD_NEW_CATEGORIE
	AFX_HIDP_DAO_BADBINDINFO
	AFX_HIDP_SQL_UPDATE_DELETE_FAILED
	AFX_HIDP_PARSE_DATETIME
	HID_OLE_EDIT_CHANGE_ICON
	AFX_HIDP_ARCH_ENDOFFILE
	HID_OPTIONS_PROPRIETE_BASE
	HIDR_MENU_CONTEXT_TREEVW
	HID_MOT_CLEFS_RECHERCHER
	AFX_HIDP_SQL_SQL_NO_TOTAL
	AFX_HIDP_SQL_CONNECT_FAIL
	HID_MOT_CLEFS_AJOUTER
	AFX_HIDP_SQL_API_CONFORMANCE
	HID_OLE_EDIT_PROPERTIES
	AFX_HIDP_FILE_DISKFULL
	HID_SUJET_RECHERCHER
	HIDD_AJOUTER_TYPE
	HID_OPTIONS_PROPRIETSDELABASE
	HIDD_RECHERCHE_TYPE
	AFX_HIDW_DOCKBAR_LEFT
	HIDD_MODIFIER_UTILISATEUR
	AFX_HIDP_FILE_REMOVE_CURRENT
	HID_PUBLICATION_OUVRIR
	AFX_HIDP_ARCH_BADCLASS
	HIDD_AJOUTER_GENRE
	AFX_HIDP_SQL_NO_POSITIONED_UPDATES
	HID_OLE_VERB_1
	HID_OLE_VERB_1
	HID_OLE_VERB_1
	HID_OLE_VERB_1
	HID_OLE_VERB_1
	HID_OLE_VERB_1
	HID_OLE_VERB_1
	HID_OLE_VERB_1
	HID_OLE_VERB_1
	HID_OLE_VERB_1
	HID_OLE_VERB_1
	HID_OLE_VERB_1
	HID_OLE_VERB_1
	HID_OLE_VERB_1
	HID_OLE_VERB_1
	HID_OLE_VERB_1
	AFX_HIDP_ARCH_BADINDEX
	HIDD_AJOUTER_SUJET
	HID_WIZBACK
	HID_WIZNEXT
	HID_GENRE_RECHERCHER
	AFX_HIDP_PARSE_CURRENCY
	AFX_HIDP_FILE_NONE
	AFX_HIDP_FAILED_TO_CONVERT
	HID_HELP_FINDER
	AFX_HIDP_FILE_EOF
	AFX_HIDP_FILE_LOCKING
	AFX_HIDP_SQL_ILLEGAL_MODE
	AFX_HIDD_PREVIEW_TOOLBAR
	HID_SSMENU_PROPRIETE
	HIDD_RECHERCHE_DOCUMENT
	HID_TYPE_AJOUTER
	HID_GROUPBOX_DROIT
	AFX_HIDP_SQL_NO_CURRENT_RECORD
	AFX_HIDP_FILE_BAD_PATH
	AFX_HIDP_FILE_BAD_SEEK
	AFX_HIDP_SQL_ROW_UPDATE_NOT_SUPPORTED
	HID_UTILISATEUR_AJOUTER
	AFX_HIDP_FAILED_MAPI_LOAD
	AFX_HIDP_FAILED_MAPI_SEND
	AFX_HIDP_FILE_SHARING
	HIDD_MODIFIER_PASSWORD
	HID_OPTIONS_GENERALE
	HID_FILE_PRINT_DIRECT
	HID_CATEGORIE_SUPPRIMER
	AFX_HIDP_SQL_DYNASET_NOT_SUPPORTED
	AFX_HIDP_SQL_ROW_FETCH
	AFX_HIDP_SET_NOT_SUPPORTED
	AFX_HIDD_CHANGEICON
	AFX_HIDP_ARCH_BADSCHEMA
	HIDD_RECHERCHE_MOT_CLEF
	AFX_HIDD_FILEBROWSE
	HIDD_AJOUTER_PUBLICATION_1BIS
	HIDD_AJOUTER_PUBLICATION_2BIS
	HIDD_AJOUTER_PUBLICATION_3BIS
	HIDD_AJOUTER_PUBLICATION_4BIS
	HIDD_RECHERCHE_GENRE
	HIDD_RECHERCHE_SUJET
	HIDD_NEW_UTILISATEUR
	HIDD_WAIT_DIALOG
	AFX_HIDD_EDITLINKS
	AFX_HIDP_SQL_DATA_TRUNCATED
	HID_WIZFINISH
	AFX_HIDP_INVALID_MAPI_DLL
	AFX_HIDD_PREVIEW_SHORTTOOLBAR
	AFX_HIDP_DAO_OBJECT_NOT_OPEN
	AFX_HIDP_ARCH_WRITEONLY
	HID_OLE_EDIT_LINKS
	HIDD_PROPR_CATEGORIE
	AFX_HIDP_SQL_MULTIPLE_ROWS_AFFECTED
	HID_EDIT_PASTE_LINK
	AFX_HIDP_DAO_ENGINE_INITIALIZATION
	AFX_HIDW_DOCKBAR_FLOAT
	AFX_HIDW_DOCKBAR_RIGHT
	AFX_HIDP_PARSE_BYTE
	AFX_HIDP_PARSE_UINT
	AFX_HIDP_ARCH_GENERIC
	AFX_HIDP_SQL_SNAPSHOT_NOT_SUPPORTED
	AFX_HIDD_PASTESPECIAL
	AFX_HIDP_FILE_GENERIC
	AFX_HIDP_FILE_INVALID_FILE
	HID_CATEGORIE_PROPRIETES
	AFX_HIDP_ARCH_READONLY
	AFX_HIDP_SQL_RECORDSET_FORWARD_ONLY
	HID_OLE_INSERT_NEW
	AFX_HIDP_SQL_DYNAMIC_CURSOR_NOT_SUPPORTED
	HIDD_NEW_PUBLICATION
	HID_UTILISATEUR_MOTDEPASSE
	HID_PUBLICATION_SUPPRIMER
	AFX_HIDP_DAO_COLUMNUNAVAILABLE
72	Topics
48	Jumps
16	Keywords
21	Bitmaps


File size: 41,905
Phrase+Zeck compression decreased help file by 17,822 bytes.
Compile time: 0 minutes, 0 seconds
2 notes, 7 warnings
